<?xml version="1.0" encoding="UTF-8"?>
<!-- Generated by org.testng.reporters.JUnitXMLReporter -->
<testsuite hostname="tanmay-PC" ignored="0" name="Test" tests="4" failures="0" timestamp="19 Aug 2019 10:01:06 GMT" time="73.929" errors="0">
  <testcase name="basePageNavigation" time="0.145" classname="frameWork.ValidateMenuTest"/>
  <testcase name="basePageNavigation" time="7.477" classname="frameWork.HomePageTest"/>
  <testcase name="basePageNavigation" time="8.189" classname="frameWork.HomePageTest"/>
  <testcase name="basePageNavigation" time="0.041" classname="frameWork.ValidateTitle"/>
</testsuite> <!-- Test -->
