<?xml version="1.0" encoding="UTF-8"?>
<!-- Generated by org.testng.reporters.JUnitXMLReporter -->
<testsuite hostname="tanmay-PC" ignored="0" name="Validating Title in the page" tests="1" failures="1" timestamp="20 Aug 2019 14:12:45 GMT" time="23.318" errors="0">
  <testcase name="ValidateAppTitle" time="0.125" classname="frameWork.ValidateTitle">
    <failure type="java.lang.AssertionError" message="expected [FEATURED COURSE] but found [FEATURED COURSES]">
      <![CDATA[java.lang.AssertionError: expected [FEATURED COURSE] but found [FEATURED COURSES]
at frameWork.ValidateTitle.ValidateAppTitle(ValidateTitle.java:32)
... Removed 31 stack frames]]>
    </failure>
  </testcase> <!-- ValidateAppTitle -->
</testsuite> <!-- Validating Title in the page -->
